c:\users\robbe\source\repos\lolrobbe2\luna\bin-int\debug-windows-x86_64\x64\luna\vc143.pdb
c:\users\robbe\source\repos\lolrobbe2\luna\bin-int\debug-windows-x86_64\x64\luna\vc143.idb
c:\users\robbe\source\repos\lolrobbe2\luna\bin-int\debug-windows-x86_64\x64\luna\lnpch.obj
c:\users\robbe\source\repos\lolrobbe2\luna\bin-int\debug-windows-x86_64\x64\luna\vulkanfeaturesupport.obj
c:\users\robbe\source\repos\lolrobbe2\luna\bin-int\debug-windows-x86_64\x64\luna\vulkanswapchain.obj
c:\users\robbe\source\repos\lolrobbe2\luna\bin-int\debug-windows-x86_64\x64\luna\vulkanshader.obj
c:\users\robbe\source\repos\lolrobbe2\luna\bin-int\debug-windows-x86_64\x64\luna\vulkanpipeline.obj
c:\users\robbe\source\repos\lolrobbe2\luna\bin-int\debug-windows-x86_64\x64\luna\vulkandevice.obj
c:\users\robbe\source\repos\lolrobbe2\luna\bin-int\debug-windows-x86_64\x64\luna\vulkancmdpool.obj
c:\users\robbe\source\repos\lolrobbe2\luna\bin-int\debug-windows-x86_64\x64\luna\shaderlibrary.obj
c:\users\robbe\source\repos\lolrobbe2\luna\bin-int\debug-windows-x86_64\x64\luna\shadercompiler.obj
c:\users\robbe\source\repos\lolrobbe2\luna\bin-int\debug-windows-x86_64\x64\luna\shader.obj
c:\users\robbe\source\repos\lolrobbe2\luna\bin-int\debug-windows-x86_64\x64\luna\renderer.obj
c:\users\robbe\source\repos\lolrobbe2\luna\bin-int\debug-windows-x86_64\x64\luna\windowswindow.obj
c:\users\robbe\source\repos\lolrobbe2\luna\bin-int\debug-windows-x86_64\x64\luna\uuid.obj
c:\users\robbe\source\repos\lolrobbe2\luna\bin-int\debug-windows-x86_64\x64\luna\log.obj
c:\users\robbe\source\repos\lolrobbe2\luna\bin-int\debug-windows-x86_64\x64\luna\application.obj
c:\users\robbe\source\repos\lolrobbe2\luna\bin-int\debug-windows-x86_64\x64\luna\buffer.obj
c:\users\robbe\source\repos\lolrobbe2\luna\bin-int\debug-windows-x86_64\x64\luna\luna.ilk
c:\users\robbe\source\repos\lolrobbe2\luna\bin\debug-windows-x86_64\x64\luna\luna.dll
c:\users\robbe\source\repos\lolrobbe2\luna\bin\debug-windows-x86_64\x64\luna\luna.pdb
c:\users\robbe\source\repos\lolrobbe2\luna\bin\debug-windows-x86_64\x64\luna\luna.lib
c:\users\robbe\source\repos\lolrobbe2\luna\bin\debug-windows-x86_64\x64\luna\luna.exp
c:\users\robbe\source\repos\lolrobbe2\luna\bin-int\debug-windows-x86_64\x64\luna\luna.tlog\cl.command.1.tlog
c:\users\robbe\source\repos\lolrobbe2\luna\bin-int\debug-windows-x86_64\x64\luna\luna.tlog\cl.read.1.tlog
c:\users\robbe\source\repos\lolrobbe2\luna\bin-int\debug-windows-x86_64\x64\luna\luna.tlog\cl.write.1.tlog
c:\users\robbe\source\repos\lolrobbe2\luna\bin-int\debug-windows-x86_64\x64\luna\luna.tlog\link.command.1.tlog
c:\users\robbe\source\repos\lolrobbe2\luna\bin-int\debug-windows-x86_64\x64\luna\luna.tlog\link.read.1.tlog
c:\users\robbe\source\repos\lolrobbe2\luna\bin-int\debug-windows-x86_64\x64\luna\luna.tlog\link.write.1.tlog
c:\users\robbe\source\repos\lolrobbe2\luna\bin-int\debug-windows-x86_64\x64\luna\luna.tlog\luna.write.1u.tlog
