cl : command line  warning D9025: overriding '/MTd' with '/MT'
  application.cpp
C:\Program Files (x86)\Windows Kits\10\Include\10.0.22621.0\shared\minwindef.h(130,1): warning C4005: 'APIENTRY': macro redefinition
C:\Users\robbe\source\repos\luna\luna\thirdParty\GLFW\include\GLFW\glfw3.h(123): message : see previous definition of 'APIENTRY'
C:\Users\robbe\source\repos\luna\luna\src\core\application.h(19,24): warning C4251: 'luna::application::application::mWindow': class 'std::shared_ptr<luna::vulkan::window>' needs to have dll-interface to be used by clients of class 'luna::application::application'
C:\Users\robbe\source\repos\luna\luna\src\core\core.h(26): message : see declaration of 'std::shared_ptr<luna::vulkan::window>'
  log.cpp
C:\Program Files (x86)\Windows Kits\10\Include\10.0.22621.0\shared\minwindef.h(130,1): warning C4005: 'APIENTRY': macro redefinition
C:\Users\robbe\source\repos\luna\luna\thirdParty\GLFW\include\GLFW\glfw3.h(123): message : see previous definition of 'APIENTRY'
  uuid.cpp
C:\Program Files (x86)\Windows Kits\10\Include\10.0.22621.0\shared\minwindef.h(130,1): warning C4005: 'APIENTRY': macro redefinition
C:\Users\robbe\source\repos\luna\luna\thirdParty\GLFW\include\GLFW\glfw3.h(123): message : see previous definition of 'APIENTRY'
  windowsWindow.cpp
C:\Program Files (x86)\Windows Kits\10\Include\10.0.22621.0\shared\minwindef.h(130,1): warning C4005: 'APIENTRY': macro redefinition
C:\Users\robbe\source\repos\luna\luna\thirdParty\GLFW\include\GLFW\glfw3.h(123): message : see previous definition of 'APIENTRY'
  renderer.cpp
C:\Program Files (x86)\Windows Kits\10\Include\10.0.22621.0\shared\minwindef.h(130,1): warning C4005: 'APIENTRY': macro redefinition
C:\Users\robbe\source\repos\luna\luna\thirdParty\GLFW\include\GLFW\glfw3.h(123): message : see previous definition of 'APIENTRY'
  shaderLibrary.cpp
  vulkanCmdPool.cpp
C:\Program Files (x86)\Windows Kits\10\Include\10.0.22621.0\shared\minwindef.h(130,1): warning C4005: 'APIENTRY': macro redefinition
C:\Users\robbe\source\repos\luna\luna\thirdParty\GLFW\include\GLFW\glfw3.h(123): message : see previous definition of 'APIENTRY'
C:\Users\robbe\source\repos\luna\luna\src\core\vulkan\device\vulkanCmdPool.cpp(70,32): warning C4244: 'argument': conversion from 'uint64_t' to 'uint32_t', possible loss of data
  vulkanDevice.cpp
C:\Program Files (x86)\Windows Kits\10\Include\10.0.22621.0\shared\minwindef.h(130,1): warning C4005: 'APIENTRY': macro redefinition
C:\Users\robbe\source\repos\luna\luna\thirdParty\GLFW\include\GLFW\glfw3.h(123): message : see previous definition of 'APIENTRY'
C:\Users\robbe\source\repos\luna\luna\src\core\vulkan\device\vulkanDevice.cpp(71,64): warning C4267: '=': conversion from 'size_t' to 'uint32_t', possible loss of data
  vulkanPipeline.cpp
  vulkanShader.cpp
  vulkanSwapchain.cpp
C:\Program Files (x86)\Windows Kits\10\Include\10.0.22621.0\shared\minwindef.h(130,1): warning C4005: 'APIENTRY': macro redefinition
C:\Users\robbe\source\repos\luna\luna\thirdParty\GLFW\include\GLFW\glfw3.h(123): message : see previous definition of 'APIENTRY'
  vulkanFeatureSupport.cpp
C:\Program Files (x86)\Windows Kits\10\Include\10.0.22621.0\shared\minwindef.h(130,1): warning C4005: 'APIENTRY': macro redefinition
C:\Users\robbe\source\repos\luna\luna\thirdParty\GLFW\include\GLFW\glfw3.h(123): message : see previous definition of 'APIENTRY'
  lnpch.cpp
  Generating Code...
     Creating library ..\bin\debug-windows-x86_64\x64\luna\luna.lib and object ..\bin\debug-windows-x86_64\x64\luna\luna.exp
LINK : warning LNK4098: defaultlib 'LIBCMT' conflicts with use of other libs; use /NODEFAULTLIB:library
LINK : warning LNK4098: defaultlib 'MSVCRTD' conflicts with use of other libs; use /NODEFAULTLIB:library
  luna.vcxproj -> C:\Users\robbe\source\repos\luna\bin\debug-windows-x86_64\x64\luna\luna.dll
